[307月2025 14:07:09.593] [main/INFO] [cpw.mods.modlauncher.Launcher/MODLAUNCHER]: ModLauncher running: args [--launchTarget, forgedatadev, --assetIndex, 17, --assetsDir, C:\\Users\\MMSY\\.gradle\\caches\\neoformruntime\\assets, --gameDir, ., --fml.fmlVersion, 4.0.41, --fml.mcVersion, 1.21.1, --fml.neoForgeVersion, 21.1.187, --fml.neoFormVersion, 20240808.144430, --mod, forge_enchantment, --all, --output, D:\\Mcmods\\FEr\\ForgeEnchantment\\src\\generated\\resources, --existing, D:\\Mcmods\\FEr\\ForgeEnchantment\\src\\main\\resources]
[307月2025 14:07:09.602] [main/INFO] [cpw.mods.modlauncher.Launcher/MODLAUNCHER]: JVM identified as Microsoft OpenJDK 64-Bit Server VM 21.0.7+6-LTS
[307月2025 14:07:09.608] [main/INFO] [cpw.mods.modlauncher.Launcher/MODLAUNCHER]: ModLauncher 11.0.5+main.901c6ea8 starting: java version 21.0.7 by Microsoft; OS Windows 11 arch amd64 version 10.0
[307月2025 14:07:10.044] [main/INFO] [net.neoforged.fml.loading.ImmediateWindowHandler/]: ImmediateWindowProvider not loading because launch target is forgedatadev
[307月2025 14:07:10.287] [main/INFO] [mixin/]: SpongePowered MIXIN Subsystem Version=0.8.7 Source=union:/C:/Users/MMSY/.gradle/caches/modules-2/files-2.1/net.fabricmc/sponge-mixin/0.15.2+mixin.0.8.7/2af2f021d8e02a0220dc27a7a72b4666d66d44ca/sponge-mixin-0.15.2+mixin.0.8.7.jar%23138!/ Service=ModLauncher Env=CLIENT
[307月2025 14:07:11.588] [main/INFO] [net.neoforged.fml.loading.moddiscovery.locators.JarInJarDependencyLocator/]: Found 2 dependencies adding them to mods collection
[307月2025 14:07:11.595] [main/INFO] [net.neoforged.fml.loading.moddiscovery.ModDiscoverer/]: 
     Mod List:
		Name Version (Mod Id)

		ForgeEnchantment 1.0 (forge_enchantment)
		Minecraft 1.21.1 (minecraft)
		NeoForge 21.1.187 (neoforge)
[307月2025 14:07:17.602] [main/INFO] [mixin/]: Compatibility level set to JAVA_21
[307月2025 14:07:17.646] [main/INFO] [cpw.mods.modlauncher.LaunchServiceHandler/MODLAUNCHER]: Launching target 'forgedatadev' with arguments [--gameDir, ., --assetsDir, C:\Users\MMSY\.gradle\caches\neoformruntime\assets, --assetIndex, 17, --mod, forge_enchantment, --all, --output, D:\\Mcmods\\FEr\\ForgeEnchantment\\src\\generated\\resources, --existing, D:\\Mcmods\\FEr\\ForgeEnchantment\\src\\main\\resources]
[307月2025 14:07:19.931] [main/INFO] [net.neoforged.neoforge.data.loading.DatagenModLoader/]: Initializing Data Gatherer for mods [forge_enchantment]
[307月2025 14:07:19.968] [main/INFO] [MixinExtras|Service/]: Initializing MixinExtras via com.llamalad7.mixinextras.service.MixinExtrasServiceImpl(version=0.4.1).
[307月2025 14:07:39.093] [modloading-worker-0/INFO] [net.neoforged.neoforge.common.NeoForgeMod/NEOFORGE-MOD]: NeoForge mod loading, version 21.1.187, for MC 1.21.1
[307月2025 14:07:41.278] [main/WARN] [net.minecraft.server.packs.VanillaPackResourcesBuilder/]: Assets URL 'union:/D:/Mcmods/FEr/ForgeEnchantment/build/moddev/artifacts/neoforge-21.1.187.jar%23189!/assets/.mcassetsroot' uses unexpected schema
[307月2025 14:07:41.285] [main/WARN] [net.minecraft.server.packs.VanillaPackResourcesBuilder/]: Assets URL 'union:/D:/Mcmods/FEr/ForgeEnchantment/build/moddev/artifacts/neoforge-21.1.187.jar%23189!/data/.mcassetsroot' uses unexpected schema
[307月2025 14:07:42.181] [main/INFO] [net.minecraft.data.DataGenerator/]: Starting provider: Languages: zh_cn for mod: forge_enchantment
[307月2025 14:07:42.208] [main/INFO] [net.minecraft.data.DataGenerator/]: Languages: zh_cn for mod: forge_enchantment finished after 25 ms
[307月2025 14:07:42.209] [main/INFO] [net.minecraft.data.DataGenerator/]: Starting provider: Languages: en_us for mod: forge_enchantment
[307月2025 14:07:42.217] [main/INFO] [net.minecraft.data.DataGenerator/]: Languages: en_us for mod: forge_enchantment finished after 6 ms
[307月2025 14:07:42.218] [main/INFO] [net.minecraft.data.DataGenerator/]: Starting provider: Registries
[307月2025 14:07:42.982] [main/INFO] [net.minecraft.data.DataGenerator/]: Registries finished after 763 ms
[307月2025 14:07:42.983] [main/INFO] [net.minecraft.data.DataGenerator/]: Starting provider: Tags for minecraft:block mod id forge_enchantment
[307月2025 14:07:42.991] [main/INFO] [net.minecraft.data.DataGenerator/]: Tags for minecraft:block mod id forge_enchantment finished after 7 ms
[307月2025 14:07:42.991] [main/INFO] [net.minecraft.data.DataGenerator/]: Starting provider: Tags for minecraft:item mod id forge_enchantment
[307月2025 14:07:43.005] [main/INFO] [net.minecraft.data.DataGenerator/]: Tags for minecraft:item mod id forge_enchantment finished after 13 ms
[307月2025 14:07:43.006] [main/INFO] [net.minecraft.data.DataGenerator/]: Starting provider: Loot Tables
[307月2025 14:07:43.042] [main/INFO] [net.minecraft.data.DataGenerator/]: Loot Tables finished after 34 ms
[307月2025 14:07:43.042] [main/INFO] [net.minecraft.data.DataGenerator/]: Starting provider: Recipes
[307月2025 14:07:43.107] [main/INFO] [net.minecraft.data.DataGenerator/]: Recipes finished after 65 ms
[307月2025 14:07:43.108] [main/INFO] [net.minecraft.data.DataGenerator/]: All providers took: 927 ms
[307月2025 14:07:43.152] [main/INFO] [net.minecraft.data.HashCache/]: Caching: total files: 7, old count: 7, new count: 8, removed stale: 0, written: 2
